-1575861103
-350199
-3
0
-12900584253
0
0
0
0
-2089340733
-5042176
0
-6372645945
0
91623
0
-21808
-741379919
0
0
0
-669221792
-24388860918
0
739379932
10396
0
0
0
0
0
0
-10413794128
0
-1201077559
-727379969
0
0
0
0
0
-76296718239
-127377108
-9
0
-92270751
-5498013
-194219616
-323739639
0
24158
0
0
-105001905
-243275745226
0
0
-102085403743
-9894490
-137459206
0
0
-405222580202
-40093832549
-52965
0
0
0
-37036814814814816
-3235379421
-426460919
0
0
0
0
-13066199
0
0
0
0
0
-102397501
-49351
-1
153154
-1918255
-286241583
-4
-3
-159499326431497
0
0
0
-1818227939575
-4172805651
0
0
-89718489
0
-4771848
