-16961167666
-227629
0
-4617241903
0
0
0
-3
0
0
0
-9675063784
0
0
-745379888
0
0
-4
-494556912
-1517134401
0
-341925
-273901531
0
-499276
0
-384835185
0
0
-326461
0
-2382131755
0
437336
128869
-373818239991
-197743
0
0
-3122927593
-257401
-981067033
-4691700511
-287871015
0
-31507
-173758856365
-1094031
0
-3
144886
0
-4034101
-16068732361
0
0
-1626176413
0
0
-70685374
-3
-2901763123
345098
0
-3438678153
-222381435
-1443829337137281
-741379919
-977559600
-737733
-6885783
-3
-777572001
-1327911
0
0
0
-655
15184
-1
0
-4203433
-282686876
-122485820353
0
733379959
-3
0
-1184568004
-3
-2581316598
0
-3
-9
-3
0
0
-37036037044259251
0
-3
