0
0
0
243041
0
-2788499652
-9
-4543911
0
0
-3
0
-103784050923
0
0
0
254240
0
-3483070435
-198368013
-475353
0
-1
491560
0
0
-264888289
0
0
-1402154667
0
0
-587976
-1097999904
0
0
0
-1109196
48246
0
0
-325117485
-24603659
741379919
0
-37036925925037039
-1072701
0
-57447464175
-14538012756
0
-739379933
-1743437953
-354993580008
0
-980726911
0
-17878731
0
0
-61858515
-743379904
0
-1886608
-676197399
0
-684345793
-570160711
0
-3
0
-171124396
-15336133
42626
0
0
0
-4
-274666179
0
0
0
0
0
-695544
-5029451992
0
-1243305
0
-3287723801
0
0
0
-247967143
0
0
-28962726818871
0
0
44931
