-4
0
-1
188444
0
0
-2589098
0
0
0
0
0
0
2274
0
0
-18033718
-2354583042703
-53704624988
0
0
0
-62411107
-9
0
85766
-10788866
0
0
0
-3
-348961011
-735379953
0
0
-387656877
-179096815
-2522294083
-3379366831
-659285551
-5136157903
0
0
0
0
-87381068
-3
0
0
0
-460129783
18721
210661
-1534759
0
77610
0
-453546019
0
0
-74045065
0
-5161344501
148267
0
-7014763
-255406771
0
0
-197668846
-721814599
274715
0
0
-1834048
220268
-1672231
-993484684
0
-3
0
0
0
733379959
0
-2014703953
0
-2235018693
192531
-654021
-30777
0
0
0
-1537734287
-45590644023
0
-37036148154814800
0
-727379968
